<?xml version="1.0" encoding="UTF-8" ?>
<testsuites name="vitest tests" tests="869" failures="0" errors="0" time="6.1499615">
    <testsuite name="src/tests/helper.test.ts" timestamp="2026-01-17T10:38:39.988Z" hostname="Ryans-Macbook-Air-M3.local" tests="9" failures="0" errors="0" skipped="0" time="0.003755541">
        <testcase classname="src/tests/helper.test.ts" name="helper utilities &gt; getVacuumProperty returns undefined with no device" time="0.000463292">
        </testcase>
        <testcase classname="src/tests/helper.test.ts" name="helper utilities &gt; getVacuumProperty reads via schema id and direct property" time="0.000181666">
        </testcase>
        <testcase classname="src/tests/helper.test.ts" name="helper utilities &gt; isSupportedDevice" time="0.00007325">
        </testcase>
        <testcase classname="src/tests/helper.test.ts" name="helper utilities &gt; isStatusUpdate positive and negative" time="0.000246208">
        </testcase>
        <testcase classname="src/tests/helper.test.ts" name="helper utilities &gt; getRoomMap handles missing robot and missing roborockService" time="0.000344375">
        </testcase>
        <testcase classname="src/tests/helper.test.ts" name="helper utilities &gt; getRoomMapFromDevice returns RoomMap variants (case 1)" time="0.000450542">
        </testcase>
        <testcase classname="src/tests/helper.test.ts" name="getRoomMapFromDevice &gt; returns RoomMap from getRoomMappings if available (case 1)" time="0.000796208">
        </testcase>
        <testcase classname="src/tests/helper.test.ts" name="getRoomMapFromDevice &gt; returns RoomMap from getRoomMappings if available (case 2)" time="0.000201">
        </testcase>
        <testcase classname="src/tests/helper.test.ts" name="getRoomMapFromDevice &gt; returns RoomMap from getMapInformation if available" time="0.000282375">
        </testcase>
    </testsuite>
    <testsuite name="src/tests/platform.region.test.ts" timestamp="2026-01-17T10:38:39.990Z" hostname="Ryans-Macbook-Air-M3.local" tests="4" failures="0" errors="0" skipped="0" time="0.001449708">
        <testcase classname="src/tests/platform.region.test.ts" name="platform region mapping logic &gt; is case-insensitive and returns US for &quot;us&quot;" time="0.000519125">
        </testcase>
        <testcase classname="src/tests/platform.region.test.ts" name="platform region mapping logic &gt; returns EU for &quot;EU&quot;" time="0.000124958">
        </testcase>
        <testcase classname="src/tests/platform.region.test.ts" name="platform region mapping logic &gt; returns default US for unknown region" time="0.000052791">
        </testcase>
        <testcase classname="src/tests/platform.region.test.ts" name="platform region mapping logic &gt; returns default US when region is undefined" time="0.000192167">
        </testcase>
    </testsuite>
    <testsuite name="src/tests/platformRunner.test.ts" timestamp="2026-01-17T10:38:39.990Z" hostname="Ryans-Macbook-Air-M3.local" tests="18" failures="0" errors="0" skipped="0" time="0.007399833">
        <testcase classname="src/tests/platformRunner.test.ts" name="PlatformRunner.updateRobot &gt; should set correct attributes from homeData" time="0.002339125">
        </testcase>
        <testcase classname="src/tests/platformRunner.test.ts" name="PlatformRunner.updateRobot &gt; should log error if robot not found in homeData" time="0.00089275">
        </testcase>
        <testcase classname="src/tests/platformRunner.test.ts" name="PlatformRunner.updateRobot &gt; should log error if device data is undefined" time="0.000234792">
        </testcase>
        <testcase classname="src/tests/platformRunner.test.ts" name="PlatformRunner.updateRobot &gt; should not update attributes if state or matterState is missing" time="0.000644417">
        </testcase>
        <testcase classname="src/tests/platformRunner.test.ts" name="PlatformRunner.updateRobot &gt; should handle NotifyMessageTypes.BatteryUpdate" time="0.000407875">
        </testcase>
        <testcase classname="src/tests/platformRunner.test.ts" name="PlatformRunner.updateRobot &gt; should call updateFromMQTTMessage when messageSource is not HomeData" time="0.000407959">
        </testcase>
        <testcase classname="src/tests/platformRunner.test.ts" name="PlatformRunner.updateRobot &gt; should handle NotifyMessageTypes.ErrorOccurred" time="0.00019175">
        </testcase>
        <testcase classname="src/tests/platformRunner.test.ts" name="PlatformRunner.updateRobot &gt; should log error if robot not found for MQTT message" time="0.000075542">
        </testcase>
        <testcase classname="src/tests/platformRunner.test.ts" name="PlatformRunner.updateRobot &gt; should log error if device data is undefined for MQTT message" time="0.000197292">
        </testcase>
        <testcase classname="src/tests/platformRunner.test.ts" name="PlatformRunner.updateRobot &gt; should handle LocalMessage when robot is not found" time="0.000085167">
        </testcase>
        <testcase classname="src/tests/platformRunner.test.ts" name="PlatformRunner.updateRobot &gt; should handle LocalMessage successfully when robot and data are available" time="0.000249625">
        </testcase>
        <testcase classname="src/tests/platformRunner.test.ts" name="PlatformRunner.updateRobot &gt; should handle default case for unknown message types" time="0.000053791">
        </testcase>
        <testcase classname="src/tests/platformRunner.test.ts" name="PlatformRunner.requestHomeData &gt; should return early if no robots exist" time="0.000079708">
        </testcase>
        <testcase classname="src/tests/platformRunner.test.ts" name="PlatformRunner.requestHomeData &gt; should return early if rrHomeId is not set (undefined)" time="0.000053042">
        </testcase>
        <testcase classname="src/tests/platformRunner.test.ts" name="PlatformRunner.requestHomeData &gt; should return early if rrHomeId is falsy (empty string)" time="0.000046291">
        </testcase>
        <testcase classname="src/tests/platformRunner.test.ts" name="PlatformRunner.requestHomeData &gt; should return early if roborockService is undefined" time="0.000047583">
        </testcase>
        <testcase classname="src/tests/platformRunner.test.ts" name="PlatformRunner.requestHomeData &gt; should return early if homeData is undefined" time="0.000137041">
        </testcase>
        <testcase classname="src/tests/platformRunner.test.ts" name="PlatformRunner.requestHomeData &gt; should call updateRobot when homeData is available" time="0.0001">
        </testcase>
    </testsuite>
    <testsuite name="src/tests/platformRunner2.test.ts" timestamp="2026-01-17T10:38:39.991Z" hostname="Ryans-Macbook-Air-M3.local" tests="5" failures="0" errors="0" skipped="0" time="0.0051475">
        <testcase classname="src/tests/platformRunner2.test.ts" name="PlatformRunner.getRoomMapFromDevice &gt; returns RoomMap with roomData from getRoomMappings if available" time="0.002804458">
        </testcase>
        <testcase classname="src/tests/platformRunner2.test.ts" name="PlatformRunner.getRoomMapFromDevice &gt; returns RoomMap with roomData from getMapInformation if available (case 1)" time="0.000675125">
        </testcase>
        <testcase classname="src/tests/platformRunner2.test.ts" name="PlatformRunner.getRoomMapFromDevice &gt; returns RoomMap with empty roomData from getMapInformation if available" time="0.000217791">
        </testcase>
        <testcase classname="src/tests/platformRunner2.test.ts" name="PlatformRunner.getRoomMapFromDevice &gt; returns RoomMap with roomData from getMapInformation if available" time="0.00034875">
        </testcase>
        <testcase classname="src/tests/platformRunner2.test.ts" name="PlatformRunner.getRoomMapFromDevice &gt; handles undefined tag in room data from getMapInformation" time="0.000170875">
        </testcase>
    </testsuite>
    <testsuite name="src/tests/platformRunner3.test.ts" timestamp="2026-01-17T10:38:39.992Z" hostname="Ryans-Macbook-Air-M3.local" tests="1" failures="0" errors="0" skipped="0" time="0.003265833">
        <testcase classname="src/tests/platformRunner3.test.ts" name="PlatformRunner.updateRobot &gt; should handle unknown message types gracefully" time="0.002278208">
        </testcase>
    </testsuite>
    <testsuite name="src/tests/roborockService.setSelectedAreas.test.ts" timestamp="2026-01-17T10:38:39.992Z" hostname="Ryans-Macbook-Air-M3.local" tests="1" failures="0" errors="0" skipped="0" time="0.002247125">
        <testcase classname="src/tests/roborockService.setSelectedAreas.test.ts" name="RoborockService - startClean &gt; setSelectedAreas should set selected areas" time="0.001732083">
        </testcase>
    </testsuite>
    <testsuite name="src/tests/roborockService.test.ts" timestamp="2026-01-17T10:38:39.992Z" hostname="Ryans-Macbook-Air-M3.local" tests="39" failures="0" errors="0" skipped="0" time="0.017190333">
        <testcase classname="src/tests/roborockService.test.ts" name="RoborockService - Comprehensive Coverage &gt; Authentication Methods &gt; should request verification code" time="0.001645541">
        </testcase>
        <testcase classname="src/tests/roborockService.test.ts" name="RoborockService - Comprehensive Coverage &gt; Authentication Methods &gt; should login with verification code and set user data" time="0.000729959">
        </testcase>
        <testcase classname="src/tests/roborockService.test.ts" name="RoborockService - Comprehensive Coverage &gt; Authentication Methods &gt; should login with cached token and set user data" time="0.000390834">
        </testcase>
        <testcase classname="src/tests/roborockService.test.ts" name="RoborockService - Comprehensive Coverage &gt; Authentication Methods &gt; should login with password and set user data" time="0.000522416">
        </testcase>
        <testcase classname="src/tests/roborockService.test.ts" name="RoborockService - Comprehensive Coverage &gt; Device Management Methods &gt; should list devices" time="0.000322792">
        </testcase>
        <testcase classname="src/tests/roborockService.test.ts" name="RoborockService - Comprehensive Coverage &gt; Device Management Methods &gt; should get home data for updating" time="0.000354667">
        </testcase>
        <testcase classname="src/tests/roborockService.test.ts" name="RoborockService - Comprehensive Coverage &gt; Device Management Methods &gt; should initialize message client and register processor" time="0.000305209">
        </testcase>
        <testcase classname="src/tests/roborockService.test.ts" name="RoborockService - Comprehensive Coverage &gt; Device Management Methods &gt; should initialize local client and sync MQTT status" time="0.000256791">
        </testcase>
        <testcase classname="src/tests/roborockService.test.ts" name="RoborockService - Comprehensive Coverage &gt; Device Management Methods &gt; should set device notify callback" time="0.002982167">
        </testcase>
        <testcase classname="src/tests/roborockService.test.ts" name="RoborockService - Comprehensive Coverage &gt; Device Management Methods &gt; should activate device notify" time="0.000598166">
        </testcase>
        <testcase classname="src/tests/roborockService.test.ts" name="RoborockService - Comprehensive Coverage &gt; Device Management Methods &gt; should activate device notify over MQTT" time="0.00053375">
        </testcase>
        <testcase classname="src/tests/roborockService.test.ts" name="RoborockService - Comprehensive Coverage &gt; Device Management Methods &gt; should stop service and clean up all services" time="0.000480166">
        </testcase>
        <testcase classname="src/tests/roborockService.test.ts" name="RoborockService - Comprehensive Coverage &gt; Area Management Methods &gt; should set selected areas" time="0.000261208">
        </testcase>
        <testcase classname="src/tests/roborockService.test.ts" name="RoborockService - Comprehensive Coverage &gt; Area Management Methods &gt; should get selected areas" time="0.000290042">
        </testcase>
        <testcase classname="src/tests/roborockService.test.ts" name="RoborockService - Comprehensive Coverage &gt; Area Management Methods &gt; should set supported areas" time="0.000244083">
        </testcase>
        <testcase classname="src/tests/roborockService.test.ts" name="RoborockService - Comprehensive Coverage &gt; Area Management Methods &gt; should set supported area index map" time="0.000286375">
        </testcase>
        <testcase classname="src/tests/roborockService.test.ts" name="RoborockService - Comprehensive Coverage &gt; Area Management Methods &gt; should set supported scenes" time="0.000182875">
        </testcase>
        <testcase classname="src/tests/roborockService.test.ts" name="RoborockService - Comprehensive Coverage &gt; Area Management Methods &gt; should get supported areas" time="0.000200375">
        </testcase>
        <testcase classname="src/tests/roborockService.test.ts" name="RoborockService - Comprehensive Coverage &gt; Area Management Methods &gt; should get supported areas index map" time="0.000179166">
        </testcase>
        <testcase classname="src/tests/roborockService.test.ts" name="RoborockService - Comprehensive Coverage &gt; Area Management Methods &gt; should get map information and set message client" time="0.000210458">
        </testcase>
        <testcase classname="src/tests/roborockService.test.ts" name="RoborockService - Comprehensive Coverage &gt; Area Management Methods &gt; should get room mappings with MQTT status" time="0.00021225">
        </testcase>
        <testcase classname="src/tests/roborockService.test.ts" name="RoborockService - Comprehensive Coverage &gt; Area Management Methods &gt; should get scenes" time="0.000272125">
        </testcase>
        <testcase classname="src/tests/roborockService.test.ts" name="RoborockService - Comprehensive Coverage &gt; Area Management Methods &gt; should start scene" time="0.000190333">
        </testcase>
        <testcase classname="src/tests/roborockService.test.ts" name="RoborockService - Comprehensive Coverage &gt; Message Routing Methods &gt; should get message processor" time="0.000201333">
        </testcase>
        <testcase classname="src/tests/roborockService.test.ts" name="RoborockService - Comprehensive Coverage &gt; Message Routing Methods &gt; should get clean mode data" time="0.000235667">
        </testcase>
        <testcase classname="src/tests/roborockService.test.ts" name="RoborockService - Comprehensive Coverage &gt; Message Routing Methods &gt; should get room ID from map" time="0.000212625">
        </testcase>
        <testcase classname="src/tests/roborockService.test.ts" name="RoborockService - Comprehensive Coverage &gt; Message Routing Methods &gt; should change clean mode" time="0.000201875">
        </testcase>
        <testcase classname="src/tests/roborockService.test.ts" name="RoborockService - Comprehensive Coverage &gt; Message Routing Methods &gt; should start clean with selected areas and routines" time="0.000228459">
        </testcase>
        <testcase classname="src/tests/roborockService.test.ts" name="RoborockService - Comprehensive Coverage &gt; Message Routing Methods &gt; should pause clean" time="0.000197625">
        </testcase>
        <testcase classname="src/tests/roborockService.test.ts" name="RoborockService - Comprehensive Coverage &gt; Message Routing Methods &gt; should stop and go home" time="0.000185458">
        </testcase>
        <testcase classname="src/tests/roborockService.test.ts" name="RoborockService - Comprehensive Coverage &gt; Message Routing Methods &gt; should resume clean" time="0.000183542">
        </testcase>
        <testcase classname="src/tests/roborockService.test.ts" name="RoborockService - Comprehensive Coverage &gt; Message Routing Methods &gt; should play sound to locate" time="0.000315834">
        </testcase>
        <testcase classname="src/tests/roborockService.test.ts" name="RoborockService - Comprehensive Coverage &gt; Message Routing Methods &gt; should execute custom get" time="0.000205208">
        </testcase>
        <testcase classname="src/tests/roborockService.test.ts" name="RoborockService - Comprehensive Coverage &gt; Message Routing Methods &gt; should execute custom send" time="0.00018575">
        </testcase>
        <testcase classname="src/tests/roborockService.test.ts" name="RoborockService - Comprehensive Coverage &gt; Message Routing Methods &gt; should execute custom API get" time="0.000249584">
        </testcase>
        <testcase classname="src/tests/roborockService.test.ts" name="RoborockService - Comprehensive Coverage &gt; Message Routing Methods &gt; should throw error when getting custom API without IoT API" time="0.00072975">
        </testcase>
        <testcase classname="src/tests/roborockService.test.ts" name="RoborockService - Comprehensive Coverage &gt; Constructor and Initialization &gt; should create service with default factories when not provided" time="0.00064975">
        </testcase>
        <testcase classname="src/tests/roborockService.test.ts" name="RoborockService - Comprehensive Coverage &gt; Constructor and Initialization &gt; should create service with custom factories" time="0.000319333">
        </testcase>
        <testcase classname="src/tests/roborockService.test.ts" name="RoborockService - Comprehensive Coverage &gt; Constructor and Initialization &gt; should create service with custom base URL" time="0.000230542">
        </testcase>
    </testsuite>
    <testsuite name="src/tests/roborockService.unit.test.ts" timestamp="2026-01-17T10:38:39.994Z" hostname="Ryans-Macbook-Air-M3.local" tests="20" failures="0" errors="0" skipped="0" time="0.006784709">
        <testcase classname="src/tests/roborockService.unit.test.ts" name="RoborockService basic behaviors &gt; maps selected area ids to room ids via RoomIndexMap in setSelectedAreas" time="0.00164">
        </testcase>
        <testcase classname="src/tests/roborockService.unit.test.ts" name="RoborockService basic behaviors &gt; getCleanModeData throws when message processor not available" time="0.000755542">
        </testcase>
        <testcase classname="src/tests/roborockService.unit.test.ts" name="RoborockService basic behaviors &gt; getCustomAPI returns error when not authenticated" time="0.00013025">
        </testcase>
        <testcase classname="src/tests/roborockService.unit.test.ts" name="RoborockService basic behaviors &gt; getRoomIdFromMap returns vacuumRoom from customGet" time="0.000313708">
        </testcase>
        <testcase classname="src/tests/roborockService.unit.test.ts" name="RoborockService basic behaviors &gt; getCustomAPI returns result when authenticated" time="0.000072458">
        </testcase>
        <testcase classname="src/tests/roborockService.unit.test.ts" name="RoborockService - Facade Pattern Testing &gt; Facade Contract Testing &gt; should provide authentication interface without exposing internal implementation" time="0.000218875">
        </testcase>
        <testcase classname="src/tests/roborockService.unit.test.ts" name="RoborockService - Facade Pattern Testing &gt; Facade Contract Testing &gt; should provide device management interface" time="0.000353333">
        </testcase>
        <testcase classname="src/tests/roborockService.unit.test.ts" name="RoborockService - Facade Pattern Testing &gt; Facade Contract Testing &gt; should provide area management interface" time="0.000128708">
        </testcase>
        <testcase classname="src/tests/roborockService.unit.test.ts" name="RoborockService - Facade Pattern Testing &gt; Facade Contract Testing &gt; should provide message routing interface" time="0.000318458">
        </testcase>
        <testcase classname="src/tests/roborockService.unit.test.ts" name="RoborockService - Facade Pattern Testing &gt; Facade Contract Testing &gt; should maintain consistent public interface" time="0.000462917">
        </testcase>
        <testcase classname="src/tests/roborockService.unit.test.ts" name="RoborockService - Facade Pattern Testing &gt; State Management &gt; should initialize with proper default state" time="0.00017375">
        </testcase>
        <testcase classname="src/tests/roborockService.unit.test.ts" name="RoborockService - Facade Pattern Testing &gt; State Management &gt; should manage device notification callbacks properly" time="0.000149125">
        </testcase>
        <testcase classname="src/tests/roborockService.unit.test.ts" name="RoborockService - Facade Pattern Testing &gt; State Management &gt; should coordinate service lifecycle" time="0.000152167">
        </testcase>
        <testcase classname="src/tests/roborockService.unit.test.ts" name="RoborockService - Facade Pattern Testing &gt; Error Handling and Resilience &gt; should handle method calls gracefully when not initialized" time="0.000169792">
        </testcase>
        <testcase classname="src/tests/roborockService.unit.test.ts" name="RoborockService - Facade Pattern Testing &gt; Error Handling and Resilience &gt; should provide consistent error handling interface" time="0.000168208">
        </testcase>
        <testcase classname="src/tests/roborockService.unit.test.ts" name="RoborockService - Facade Pattern Testing &gt; Behavior Coordination &gt; should coordinate authentication workflow without exposing internals" time="0.000083667">
        </testcase>
        <testcase classname="src/tests/roborockService.unit.test.ts" name="RoborockService - Facade Pattern Testing &gt; Behavior Coordination &gt; should coordinate device management workflow" time="0.000262375">
        </testcase>
        <testcase classname="src/tests/roborockService.unit.test.ts" name="RoborockService - Facade Pattern Testing &gt; Behavior Coordination &gt; should coordinate area management workflow" time="0.000101125">
        </testcase>
        <testcase classname="src/tests/roborockService.unit.test.ts" name="RoborockService - Facade Pattern Testing &gt; Integration Points &gt; should properly initialize with required dependencies" time="0.000049541">
        </testcase>
        <testcase classname="src/tests/roborockService.unit.test.ts" name="RoborockService - Facade Pattern Testing &gt; Integration Points &gt; should maintain separation of concerns" time="0.000145958">
        </testcase>
    </testsuite>
    <testsuite name="src/tests/roborockService2.test.ts" timestamp="2026-01-17T10:38:39.995Z" hostname="Ryans-Macbook-Air-M3.local" tests="7" failures="0" errors="0" skipped="0" time="0.003551416">
        <testcase classname="src/tests/roborockService2.test.ts" name="RoborockService - activateDeviceNotify &gt; should call getDeviceStatus periodically and notify with status message" time="0.001400417">
        </testcase>
        <testcase classname="src/tests/roborockService2.test.ts" name="RoborockService - activateDeviceNotify &gt; should log error if message processor is not found" time="0.000186584">
        </testcase>
        <testcase classname="src/tests/roborockService2.test.ts" name="RoborockService - activateDeviceNotify &gt; returns home data from v2 API when rooms are present" time="0.000219875">
        </testcase>
        <testcase classname="src/tests/roborockService2.test.ts" name="RoborockService - activateDeviceNotify &gt; falls back to v3 API for rooms if v2 rooms are empty" time="0.000228583">
        </testcase>
        <testcase classname="src/tests/roborockService2.test.ts" name="RoborockService - activateDeviceNotify &gt; falls back to v1 API for rooms if v2 and v3 rooms are empty" time="0.000129583">
        </testcase>
        <testcase classname="src/tests/roborockService2.test.ts" name="RoborockService - activateDeviceNotify &gt; throws error if home data cannot be retrieved" time="0.000060209">
        </testcase>
        <testcase classname="src/tests/roborockService2.test.ts" name="RoborockService - activateDeviceNotify &gt; activateDeviceNotify delegates to device service" time="0.000401667">
        </testcase>
    </testsuite>
    <testsuite name="src/tests/roborockService3.test.ts" timestamp="2026-01-17T10:38:39.995Z" hostname="Ryans-Macbook-Air-M3.local" tests="9" failures="0" errors="0" skipped="0" time="0.005818041">
        <testcase classname="src/tests/roborockService3.test.ts" name="RoborockService - listDevices &gt; should throw if not authenticated" time="0.002649125">
        </testcase>
        <testcase classname="src/tests/roborockService3.test.ts" name="RoborockService - listDevices &gt; should throw if homeDetails is missing" time="0.000353542">
        </testcase>
        <testcase classname="src/tests/roborockService3.test.ts" name="RoborockService - listDevices &gt; should return empty array if homeData is missing" time="0.000311625">
        </testcase>
        <testcase classname="src/tests/roborockService3.test.ts" name="RoborockService - listDevices &gt; should return devices with correct mapping" time="0.000384625">
        </testcase>
        <testcase classname="src/tests/roborockService3.test.ts" name="RoborockService - listDevices &gt; should throw if getHomev3 fails when v3 API is needed" time="0.000133792">
        </testcase>
        <testcase classname="src/tests/roborockService3.test.ts" name="RoborockService - listDevices &gt; should merge v3 devices and receivedDevices if v3 API is needed" time="0.000124166">
        </testcase>
        <testcase classname="src/tests/roborockService3.test.ts" name="RoborockService - listDevices &gt; should fallback batteryLevel to 100 if not present" time="0.000111333">
        </testcase>
        <testcase classname="src/tests/roborockService3.test.ts" name="RoborockService - listDevices &gt; should filter scenes correctly for devices" time="0.000070042">
        </testcase>
        <testcase classname="src/tests/roborockService3.test.ts" name="RoborockService - listDevices &gt; should handle rooms fallback from v2 and v3 APIs" time="0.000316542">
        </testcase>
    </testsuite>
    <testsuite name="src/tests/roborockService4.test.ts" timestamp="2026-01-17T10:38:39.996Z" hostname="Ryans-Macbook-Air-M3.local" tests="5" failures="0" errors="0" skipped="0" time="0.002473917">
        <testcase classname="src/tests/roborockService4.test.ts" name="getHomeDataForUpdating &gt; should throw if not authenticated" time="0.001119542">
        </testcase>
        <testcase classname="src/tests/roborockService4.test.ts" name="getHomeDataForUpdating &gt; returns home data from v2 API when rooms are present" time="0.000227167">
        </testcase>
        <testcase classname="src/tests/roborockService4.test.ts" name="getHomeDataForUpdating &gt; falls back to v3 API for rooms if v2 rooms are empty" time="0.000165125">
        </testcase>
        <testcase classname="src/tests/roborockService4.test.ts" name="getHomeDataForUpdating &gt; falls back to v1 API for rooms if v2 and v3 rooms are empty" time="0.000273583">
        </testcase>
        <testcase classname="src/tests/roborockService4.test.ts" name="getHomeDataForUpdating &gt; throws error if home data cannot be retrieved" time="0.000125667">
        </testcase>
    </testsuite>
    <testsuite name="src/tests/roborockService5.test.ts" timestamp="2026-01-17T10:38:39.996Z" hostname="Ryans-Macbook-Air-M3.local" tests="3" failures="0" errors="0" skipped="0" time="0.002596792">
        <testcase classname="src/tests/roborockService5.test.ts" name="initializeMessageClientForLocal &gt; returns false if messageClient is not initialized" time="0.001647458">
        </testcase>
        <testcase classname="src/tests/roborockService5.test.ts" name="initializeMessageClientForLocal &gt; returns true and sets mqttAlwaysOnDevices if device.pv is B01" time="0.000182417">
        </testcase>
        <testcase classname="src/tests/roborockService5.test.ts" name="initializeMessageClientForLocal &gt; returns false if local client does not connect after attempts" time="0.000244">
        </testcase>
    </testsuite>
    <testsuite name="src/tests/behaviors/BehaviorDeviceGeneric.test.ts" timestamp="2026-01-17T10:38:39.996Z" hostname="Ryans-Macbook-Air-M3.local" tests="3" failures="0" errors="0" skipped="0" time="0.003114167">
        <testcase classname="src/tests/behaviors/BehaviorDeviceGeneric.test.ts" name="BehaviorDeviceGeneric &gt; registers and executes a command handler" time="0.001314875">
        </testcase>
        <testcase classname="src/tests/behaviors/BehaviorDeviceGeneric.test.ts" name="BehaviorDeviceGeneric &gt; throws when registering duplicate handler" time="0.000452208">
        </testcase>
        <testcase classname="src/tests/behaviors/BehaviorDeviceGeneric.test.ts" name="BehaviorDeviceGeneric &gt; throws when executing unregistered command" time="0.00039675">
        </testcase>
    </testsuite>
    <testsuite name="src/tests/model/DockingStationStatus.test.ts" timestamp="2026-01-17T10:38:39.997Z" hostname="Ryans-Macbook-Air-M3.local" tests="3" failures="0" errors="0" skipped="0" time="0.002698083">
        <testcase classname="src/tests/model/DockingStationStatus.test.ts" name="DockingStationStatus &gt; should parse docking station status correctly" time="0.001302084">
        </testcase>
        <testcase classname="src/tests/model/DockingStationStatus.test.ts" name="DockingStationStatus &gt; should detect error in any status field" time="0.00028625">
        </testcase>
        <testcase classname="src/tests/model/DockingStationStatus.test.ts" name="DockingStationStatus &gt; should return true if error in any field" time="0.000099667">
        </testcase>
    </testsuite>
    <testsuite name="src/tests/initialData/getBatteryStatus.test.ts" timestamp="2026-01-17T10:38:39.997Z" hostname="Ryans-Macbook-Air-M3.local" tests="3" failures="0" errors="0" skipped="0" time="0.002091958">
        <testcase classname="src/tests/initialData/getBatteryStatus.test.ts" name="getBatteryStatus &gt; battery level undefined -&gt; Ok" time="0.000824875">
        </testcase>
        <testcase classname="src/tests/initialData/getBatteryStatus.test.ts" name="getBatteryStatus &gt; battery levels map to categories" time="0.000261125">
        </testcase>
        <testcase classname="src/tests/initialData/getBatteryStatus.test.ts" name="getBatteryStatus &gt; getBatteryState charging vs error vs default" time="0.000107125">
        </testcase>
    </testsuite>
    <testsuite name="src/tests/initialData/getOperationalStates.test.ts" timestamp="2026-01-17T10:38:39.997Z" hostname="Ryans-Macbook-Air-M3.local" tests="9" failures="0" errors="0" skipped="0" time="0.002419667">
        <testcase classname="src/tests/initialData/getOperationalStates.test.ts" name="getOperationalStates &gt; getOperationalErrorState returns undefined for None and Error for others" time="0.000578709">
        </testcase>
        <testcase classname="src/tests/initialData/getOperationalStates.test.ts" name="getOperationalStates &gt; getErrorFromErrorCode returns struct when error present" time="0.000171083">
        </testcase>
        <testcase classname="src/tests/initialData/getOperationalStates.test.ts" name="getOperationalStates &gt; getErrorFromDSS handles undefined status" time="0.000103917">
        </testcase>
        <testcase classname="src/tests/initialData/getOperationalStates.test.ts" name="getOperationalStates &gt; getErrorFromDSS returns undefined when no errors present" time="0.000214833">
        </testcase>
        <testcase classname="src/tests/initialData/getOperationalStates.test.ts" name="getOperationalStates &gt; getErrorFromDSS handles cleanFluidStatus error" time="0.000116333">
        </testcase>
        <testcase classname="src/tests/initialData/getOperationalStates.test.ts" name="getOperationalStates &gt; getErrorFromDSS handles waterBoxFilterStatus error" time="0.000135583">
        </testcase>
        <testcase classname="src/tests/initialData/getOperationalStates.test.ts" name="getOperationalStates &gt; getErrorFromDSS handles dustBagStatus error" time="0.00005675">
        </testcase>
        <testcase classname="src/tests/initialData/getOperationalStates.test.ts" name="getOperationalStates &gt; getErrorFromDSS handles dirtyWaterBoxStatus error" time="0.000045625">
        </testcase>
        <testcase classname="src/tests/initialData/getOperationalStates.test.ts" name="getOperationalStates &gt; getErrorFromDSS handles clearWaterBoxStatus error" time="0.000171625">
        </testcase>
    </testsuite>
    <testsuite name="src/tests/initialData/getSupportedAreas.test.ts" timestamp="2026-01-17T10:38:39.998Z" hostname="Ryans-Macbook-Air-M3.local" tests="8" failures="0" errors="0" skipped="0" time="0.008711417">
        <testcase classname="src/tests/initialData/getSupportedAreas.test.ts" name="getSupportedAreas (legacy) &gt; returns Unknown area when vacuumRooms missing or roomMap missing" time="0.001692833">
        </testcase>
        <testcase classname="src/tests/initialData/getSupportedAreas.test.ts" name="getSupportedAreas (legacy) &gt; detect duplicated areas returns duplicated sentinel" time="0.000928583">
        </testcase>
        <testcase classname="src/tests/initialData/getSupportedAreas.test.ts" name="getSupportedAreas (legacy) &gt; enableMultipleMap returns supportedMaps" time="0.000810625">
        </testcase>
        <testcase classname="src/tests/initialData/getSupportedAreas.test.ts" name="getSupportedAreas &gt; returns default area when rooms and roomMap are empty (case 1)" time="0.0014705">
        </testcase>
        <testcase classname="src/tests/initialData/getSupportedAreas.test.ts" name="getSupportedAreas &gt; returns default area when rooms and roomMap are empty (case 2)" time="0.000804042">
        </testcase>
        <testcase classname="src/tests/initialData/getSupportedAreas.test.ts" name="getSupportedAreas &gt; returns default area when rooms and roomMap are empty (case 3)" time="0.000590208">
        </testcase>
        <testcase classname="src/tests/initialData/getSupportedAreas.test.ts" name="getSupportedAreas &gt; returns default area when rooms and roomMap are empty (case 4)" time="0.0006765">
        </testcase>
        <testcase classname="src/tests/initialData/getSupportedAreas.test.ts" name="getSupportedAreas &gt; returns default area when rooms and roomMap are empty" time="0.000323333">
        </testcase>
    </testsuite>
    <testsuite name="src/tests/initialData/getSupportedCleanModes.test.ts" timestamp="2026-01-17T10:38:39.998Z" hostname="Ryans-Macbook-Air-M3.local" tests="3" failures="0" errors="0" skipped="0" time="0.001320792">
        <testcase classname="src/tests/initialData/getSupportedCleanModes.test.ts" name="getSupportedCleanModes &gt; returns smart modes for QREVO models" time="0.00064625">
        </testcase>
        <testcase classname="src/tests/initialData/getSupportedCleanModes.test.ts" name="getSupportedCleanModes &gt; returns default modes when forceRunAtDefault is true" time="0.000114333">
        </testcase>
        <testcase classname="src/tests/initialData/getSupportedCleanModes.test.ts" name="getSupportedCleanModes &gt; returns default modes for other models" time="0.00006875">
        </testcase>
    </testsuite>
    <testsuite name="src/tests/initialData/getSupportedRunModes.test.ts" timestamp="2026-01-17T10:38:39.998Z" hostname="Ryans-Macbook-Air-M3.local" tests="3" failures="0" errors="0" skipped="0" time="0.00203575">
        <testcase classname="src/tests/initialData/getSupportedRunModes.test.ts" name="getSupportedRunModes helpers &gt; getSupportedRunModes returns array containing Idle mapping" time="0.00085325">
        </testcase>
        <testcase classname="src/tests/initialData/getSupportedRunModes.test.ts" name="getSupportedRunModes helpers &gt; getRunningMode returns correct mode for ModeTag.Cleaning" time="0.00013225">
        </testcase>
        <testcase classname="src/tests/initialData/getSupportedRunModes.test.ts" name="getSupportedRunModes helpers &gt; getRunningMode returns null for undefined tag" time="0.000058458">
        </testcase>
    </testsuite>
    <testsuite name="src/tests/initialData/getSupportedScenes.test.ts" timestamp="2026-01-17T10:38:39.999Z" hostname="Ryans-Macbook-Air-M3.local" tests="2" failures="0" errors="0" skipped="0" time="0.00280275">
        <testcase classname="src/tests/initialData/getSupportedScenes.test.ts" name="getSupportedScenes &gt; returns empty array and logs error when scenes missing" time="0.00165425">
        </testcase>
        <testcase classname="src/tests/initialData/getSupportedScenes.test.ts" name="getSupportedScenes &gt; maps enabled scenes to ServiceArea.Area entries" time="0.000290875">
        </testcase>
    </testsuite>
    <testsuite name="src/tests/errors/AuthenticationError.test.ts" timestamp="2026-01-17T10:38:39.999Z" hostname="Ryans-Macbook-Air-M3.local" tests="17" failures="0" errors="0" skipped="0" time="0.003585709">
        <testcase classname="src/tests/errors/AuthenticationError.test.ts" name="AuthenticationError &gt; AuthenticationError &gt; should create error with message and metadata" time="0.000883584">
        </testcase>
        <testcase classname="src/tests/errors/AuthenticationError.test.ts" name="AuthenticationError &gt; AuthenticationError &gt; should create error without metadata" time="0.000092667">
        </testcase>
        <testcase classname="src/tests/errors/AuthenticationError.test.ts" name="AuthenticationError &gt; VerificationCodeExpiredError &gt; should create error without email" time="0.000142666">
        </testcase>
        <testcase classname="src/tests/errors/AuthenticationError.test.ts" name="AuthenticationError &gt; VerificationCodeExpiredError &gt; should create error with email" time="0.00021725">
        </testcase>
        <testcase classname="src/tests/errors/AuthenticationError.test.ts" name="AuthenticationError &gt; VerificationCodeExpiredError &gt; should have correct error properties" time="0.000068292">
        </testcase>
        <testcase classname="src/tests/errors/AuthenticationError.test.ts" name="AuthenticationError &gt; InvalidCredentialsError &gt; should create error without username" time="0.00008275">
        </testcase>
        <testcase classname="src/tests/errors/AuthenticationError.test.ts" name="AuthenticationError &gt; InvalidCredentialsError &gt; should create error with username" time="0.000103">
        </testcase>
        <testcase classname="src/tests/errors/AuthenticationError.test.ts" name="AuthenticationError &gt; InvalidVerificationCodeError &gt; should create error without code" time="0.000174792">
        </testcase>
        <testcase classname="src/tests/errors/AuthenticationError.test.ts" name="AuthenticationError &gt; InvalidVerificationCodeError &gt; should create error with provided code" time="0.000229667">
        </testcase>
        <testcase classname="src/tests/errors/AuthenticationError.test.ts" name="AuthenticationError &gt; InvalidVerificationCodeError &gt; should handle empty string code" time="0.000065041">
        </testcase>
        <testcase classname="src/tests/errors/AuthenticationError.test.ts" name="AuthenticationError &gt; TokenExpiredError &gt; should create token expired error" time="0.000077625">
        </testcase>
        <testcase classname="src/tests/errors/AuthenticationError.test.ts" name="AuthenticationError &gt; TokenExpiredError &gt; should have correct error properties" time="0.0000435">
        </testcase>
        <testcase classname="src/tests/errors/AuthenticationError.test.ts" name="AuthenticationError &gt; RateLimitExceededError &gt; should create error without retry time" time="0.000070792">
        </testcase>
        <testcase classname="src/tests/errors/AuthenticationError.test.ts" name="AuthenticationError &gt; RateLimitExceededError &gt; should create error with retry time" time="0.000049417">
        </testcase>
        <testcase classname="src/tests/errors/AuthenticationError.test.ts" name="AuthenticationError &gt; RateLimitExceededError &gt; should handle different retry times" time="0.00005425">
        </testcase>
        <testcase classname="src/tests/errors/AuthenticationError.test.ts" name="AuthenticationError &gt; error hierarchy &gt; should maintain proper inheritance chain" time="0.000172375">
        </testcase>
        <testcase classname="src/tests/errors/AuthenticationError.test.ts" name="AuthenticationError &gt; error hierarchy &gt; should all have AUTH_ERROR code" time="0.000132541">
        </testcase>
    </testsuite>
    <testsuite name="src/tests/errors/CommunicationError.test.ts" timestamp="2026-01-17T10:38:40.000Z" hostname="Ryans-Macbook-Air-M3.local" tests="21" failures="0" errors="0" skipped="0" time="0.005157416">
        <testcase classname="src/tests/errors/CommunicationError.test.ts" name="CommunicationError &gt; CommunicationError &gt; should create error with message and metadata" time="0.001322833">
        </testcase>
        <testcase classname="src/tests/errors/CommunicationError.test.ts" name="CommunicationError &gt; CommunicationError &gt; should create error without metadata" time="0.000106417">
        </testcase>
        <testcase classname="src/tests/errors/CommunicationError.test.ts" name="CommunicationError &gt; TimeoutError &gt; should create timeout error with operation and timeout details" time="0.000160583">
        </testcase>
        <testcase classname="src/tests/errors/CommunicationError.test.ts" name="CommunicationError &gt; TimeoutError &gt; should format message correctly for different operations" time="0.000203833">
        </testcase>
        <testcase classname="src/tests/errors/CommunicationError.test.ts" name="CommunicationError &gt; NetworkError &gt; should create network error with message" time="0.000107083">
        </testcase>
        <testcase classname="src/tests/errors/CommunicationError.test.ts" name="CommunicationError &gt; NetworkError &gt; should include additional details in metadata" time="0.000072542">
        </testcase>
        <testcase classname="src/tests/errors/CommunicationError.test.ts" name="CommunicationError &gt; ProtocolError &gt; should create protocol error with message" time="0.000188083">
        </testcase>
        <testcase classname="src/tests/errors/CommunicationError.test.ts" name="CommunicationError &gt; ProtocolError &gt; should include protocol version in metadata" time="0.000060333">
        </testcase>
        <testcase classname="src/tests/errors/CommunicationError.test.ts" name="CommunicationError &gt; ProtocolError &gt; should include additional details" time="0.000182916">
        </testcase>
        <testcase classname="src/tests/errors/CommunicationError.test.ts" name="CommunicationError &gt; MQTTConnectionError &gt; should create MQTT connection error" time="0.000103667">
        </testcase>
        <testcase classname="src/tests/errors/CommunicationError.test.ts" name="CommunicationError &gt; MQTTConnectionError &gt; should handle different failure reasons" time="0.000057292">
        </testcase>
        <testcase classname="src/tests/errors/CommunicationError.test.ts" name="CommunicationError &gt; LocalNetworkError &gt; should create local network error with IP and port" time="0.000078834">
        </testcase>
        <testcase classname="src/tests/errors/CommunicationError.test.ts" name="CommunicationError &gt; LocalNetworkError &gt; should format message with different IPs and ports" time="0.000052833">
        </testcase>
        <testcase classname="src/tests/errors/CommunicationError.test.ts" name="CommunicationError &gt; APIError &gt; should create API error with URL" time="0.000077916">
        </testcase>
        <testcase classname="src/tests/errors/CommunicationError.test.ts" name="CommunicationError &gt; APIError &gt; should include status code and response body" time="0.00005825">
        </testcase>
        <testcase classname="src/tests/errors/CommunicationError.test.ts" name="CommunicationError &gt; APIError &gt; should handle server errors" time="0.00004225">
        </testcase>
        <testcase classname="src/tests/errors/CommunicationError.test.ts" name="CommunicationError &gt; SerializationError &gt; should create serialization error" time="0.000114667">
        </testcase>
        <testcase classname="src/tests/errors/CommunicationError.test.ts" name="CommunicationError &gt; SerializationError &gt; should include data in metadata" time="0.000052375">
        </testcase>
        <testcase classname="src/tests/errors/CommunicationError.test.ts" name="CommunicationError &gt; DeserializationError &gt; should create deserialization error" time="0.000072083">
        </testcase>
        <testcase classname="src/tests/errors/CommunicationError.test.ts" name="CommunicationError &gt; DeserializationError &gt; should include raw data in metadata" time="0.000117458">
        </testcase>
        <testcase classname="src/tests/errors/CommunicationError.test.ts" name="CommunicationError &gt; error hierarchy &gt; should maintain proper inheritance chain" time="0.000233416">
        </testcase>
    </testsuite>
    <testsuite name="src/tests/errors/ConfigurationError.test.ts" timestamp="2026-01-17T10:38:40.001Z" hostname="Ryans-Macbook-Air-M3.local" tests="14" failures="0" errors="0" skipped="0" time="0.003407">
        <testcase classname="src/tests/errors/ConfigurationError.test.ts" name="ConfigurationError &gt; ConfigurationError &gt; should create error with message and metadata" time="0.000939541">
        </testcase>
        <testcase classname="src/tests/errors/ConfigurationError.test.ts" name="ConfigurationError &gt; ConfigurationError &gt; should create error without metadata" time="0.000091416">
        </testcase>
        <testcase classname="src/tests/errors/ConfigurationError.test.ts" name="ConfigurationError &gt; MissingConfigurationError &gt; should create error for missing field" time="0.000144792">
        </testcase>
        <testcase classname="src/tests/errors/ConfigurationError.test.ts" name="ConfigurationError &gt; MissingConfigurationError &gt; should handle different field names" time="0.000198416">
        </testcase>
        <testcase classname="src/tests/errors/ConfigurationError.test.ts" name="ConfigurationError &gt; InvalidConfigurationError &gt; should create error with field and value" time="0.000103625">
        </testcase>
        <testcase classname="src/tests/errors/ConfigurationError.test.ts" name="ConfigurationError &gt; InvalidConfigurationError &gt; should include expected format" time="0.000062917">
        </testcase>
        <testcase classname="src/tests/errors/ConfigurationError.test.ts" name="ConfigurationError &gt; InvalidConfigurationError &gt; should handle complex values" time="0.000102">
        </testcase>
        <testcase classname="src/tests/errors/ConfigurationError.test.ts" name="ConfigurationError &gt; MissingCredentialsError &gt; should create credentials error" time="0.000159958">
        </testcase>
        <testcase classname="src/tests/errors/ConfigurationError.test.ts" name="ConfigurationError &gt; MissingCredentialsError &gt; should have correct error properties" time="0.000234542">
        </testcase>
        <testcase classname="src/tests/errors/ConfigurationError.test.ts" name="ConfigurationError &gt; InvalidRegionError &gt; should create region error with valid regions list" time="0.000114083">
        </testcase>
        <testcase classname="src/tests/errors/ConfigurationError.test.ts" name="ConfigurationError &gt; InvalidRegionError &gt; should format message with single valid region" time="0.000041417">
        </testcase>
        <testcase classname="src/tests/errors/ConfigurationError.test.ts" name="ConfigurationError &gt; InvalidRegionError &gt; should handle empty valid regions array" time="0.000047291">
        </testcase>
        <testcase classname="src/tests/errors/ConfigurationError.test.ts" name="ConfigurationError &gt; error hierarchy &gt; should maintain proper inheritance chain" time="0.000136833">
        </testcase>
        <testcase classname="src/tests/errors/ConfigurationError.test.ts" name="ConfigurationError &gt; error hierarchy &gt; should all have CONFIG_ERROR code" time="0.000112208">
        </testcase>
    </testsuite>
    <testsuite name="src/tests/errors/DeviceError.test.ts" timestamp="2026-01-17T10:38:40.001Z" hostname="Ryans-Macbook-Air-M3.local" tests="21" failures="0" errors="0" skipped="0" time="0.0076655">
        <testcase classname="src/tests/errors/DeviceError.test.ts" name="DeviceError &gt; DeviceError base class &gt; should create error with message and duid" time="0.000878791">
        </testcase>
        <testcase classname="src/tests/errors/DeviceError.test.ts" name="DeviceError &gt; DeviceError base class &gt; should create error with metadata" time="0.0000895">
        </testcase>
        <testcase classname="src/tests/errors/DeviceError.test.ts" name="DeviceError &gt; DeviceError base class &gt; should create error without duid" time="0.000071125">
        </testcase>
        <testcase classname="src/tests/errors/DeviceError.test.ts" name="DeviceError &gt; DeviceNotFoundError &gt; should create device not found error" time="0.000294667">
        </testcase>
        <testcase classname="src/tests/errors/DeviceError.test.ts" name="DeviceError &gt; DeviceNotFoundError &gt; should be instance of DeviceError" time="0.000105875">
        </testcase>
        <testcase classname="src/tests/errors/DeviceError.test.ts" name="DeviceError &gt; DeviceConnectionError &gt; should create connection error with reason" time="0.000092416">
        </testcase>
        <testcase classname="src/tests/errors/DeviceError.test.ts" name="DeviceError &gt; DeviceConnectionError &gt; should create connection error with additional details" time="0.000166584">
        </testcase>
        <testcase classname="src/tests/errors/DeviceError.test.ts" name="DeviceError &gt; DeviceConnectionError &gt; should be instance of DeviceError" time="0.000081125">
        </testcase>
        <testcase classname="src/tests/errors/DeviceError.test.ts" name="DeviceError &gt; DeviceOfflineError &gt; should create offline error" time="0.000208708">
        </testcase>
        <testcase classname="src/tests/errors/DeviceError.test.ts" name="DeviceError &gt; DeviceOfflineError &gt; should be instance of DeviceError" time="0.000080291">
        </testcase>
        <testcase classname="src/tests/errors/DeviceError.test.ts" name="DeviceError &gt; DeviceCommandError &gt; should create command error with command name" time="0.000083084">
        </testcase>
        <testcase classname="src/tests/errors/DeviceError.test.ts" name="DeviceError &gt; DeviceCommandError &gt; should create command error with reason" time="0.000053042">
        </testcase>
        <testcase classname="src/tests/errors/DeviceError.test.ts" name="DeviceError &gt; DeviceCommandError &gt; should be instance of DeviceError" time="0.000045167">
        </testcase>
        <testcase classname="src/tests/errors/DeviceError.test.ts" name="DeviceError &gt; UnsupportedDeviceError &gt; should create unsupported device error with model" time="0.000113584">
        </testcase>
        <testcase classname="src/tests/errors/DeviceError.test.ts" name="DeviceError &gt; UnsupportedDeviceError &gt; should create unsupported device error with duid" time="0.000058208">
        </testcase>
        <testcase classname="src/tests/errors/DeviceError.test.ts" name="DeviceError &gt; UnsupportedDeviceError &gt; should be instance of DeviceError" time="0.000046167">
        </testcase>
        <testcase classname="src/tests/errors/DeviceError.test.ts" name="DeviceError &gt; DeviceInitializationError &gt; should create initialization error" time="0.000078334">
        </testcase>
        <testcase classname="src/tests/errors/DeviceError.test.ts" name="DeviceError &gt; DeviceInitializationError &gt; should be instance of DeviceError" time="0.000045">
        </testcase>
        <testcase classname="src/tests/errors/DeviceError.test.ts" name="DeviceError &gt; Error inheritance and type checking &gt; should maintain proper prototype chain" time="0.003797583">
        </testcase>
        <testcase classname="src/tests/errors/DeviceError.test.ts" name="DeviceError &gt; Error inheritance and type checking &gt; should have correct error codes" time="0.000099583">
        </testcase>
        <testcase classname="src/tests/errors/DeviceError.test.ts" name="DeviceError &gt; Error inheritance and type checking &gt; should have correct status codes" time="0.000057542">
        </testcase>
    </testsuite>
    <testsuite name="src/tests/errors/ValidationError.test.ts" timestamp="2026-01-17T10:38:40.003Z" hostname="Ryans-Macbook-Air-M3.local" tests="15" failures="0" errors="0" skipped="0" time="0.004158167">
        <testcase classname="src/tests/errors/ValidationError.test.ts" name="ValidationError &gt; ValidationError &gt; should create error with message and metadata" time="0.000962542">
        </testcase>
        <testcase classname="src/tests/errors/ValidationError.test.ts" name="ValidationError &gt; ValidationError &gt; should create error without metadata" time="0.000092833">
        </testcase>
        <testcase classname="src/tests/errors/ValidationError.test.ts" name="ValidationError &gt; InvalidParameterError &gt; should create error with parameter name and value" time="0.000157458">
        </testcase>
        <testcase classname="src/tests/errors/ValidationError.test.ts" name="ValidationError &gt; InvalidParameterError &gt; should include validation reason" time="0.000226125">
        </testcase>
        <testcase classname="src/tests/errors/ValidationError.test.ts" name="ValidationError &gt; InvalidParameterError &gt; should handle complex parameter values" time="0.000078833">
        </testcase>
        <testcase classname="src/tests/errors/ValidationError.test.ts" name="ValidationError &gt; OutOfRangeError &gt; should create error with range details" time="0.00014125">
        </testcase>
        <testcase classname="src/tests/errors/ValidationError.test.ts" name="ValidationError &gt; OutOfRangeError &gt; should handle positive ranges" time="0.000100875">
        </testcase>
        <testcase classname="src/tests/errors/ValidationError.test.ts" name="ValidationError &gt; OutOfRangeError &gt; should handle values below minimum" time="0.000057833">
        </testcase>
        <testcase classname="src/tests/errors/ValidationError.test.ts" name="ValidationError &gt; MissingParameterError &gt; should create error for missing parameter" time="0.000260792">
        </testcase>
        <testcase classname="src/tests/errors/ValidationError.test.ts" name="ValidationError &gt; MissingParameterError &gt; should handle different parameter names" time="0.000076584">
        </testcase>
        <testcase classname="src/tests/errors/ValidationError.test.ts" name="ValidationError &gt; InvalidFormatError &gt; should create error with data and expected format" time="0.000088333">
        </testcase>
        <testcase classname="src/tests/errors/ValidationError.test.ts" name="ValidationError &gt; InvalidFormatError &gt; should handle date format errors" time="0.000054416">
        </testcase>
        <testcase classname="src/tests/errors/ValidationError.test.ts" name="ValidationError &gt; InvalidFormatError &gt; should handle JSON format errors" time="0.000044792">
        </testcase>
        <testcase classname="src/tests/errors/ValidationError.test.ts" name="ValidationError &gt; error hierarchy &gt; should maintain proper inheritance chain" time="0.000137083">
        </testcase>
        <testcase classname="src/tests/errors/ValidationError.test.ts" name="ValidationError &gt; error hierarchy &gt; should all have VALIDATION_ERROR code" time="0.000115916">
        </testcase>
    </testsuite>
    <testsuite name="src/tests/runtimes/handleCloudMessage.test.ts" timestamp="2026-01-17T10:38:40.003Z" hostname="Ryans-Macbook-Air-M3.local" tests="9" failures="0" errors="0" skipped="0" time="0.005659792">
        <testcase classname="src/tests/runtimes/handleCloudMessage.test.ts" name="handleCloudMessage &gt; handles status_update" time="0.000974">
        </testcase>
        <testcase classname="src/tests/runtimes/handleCloudMessage.test.ts" name="handleCloudMessage &gt; handles rpc_response with status" time="0.000291917">
        </testcase>
        <testcase classname="src/tests/runtimes/handleCloudMessage.test.ts" name="handleCloudMessage &gt; handles additional_props with map_change" time="0.000843167">
        </testcase>
        <testcase classname="src/tests/runtimes/handleCloudMessage.test.ts" name="handleCloudMessage &gt; logs error if robot not found" time="0.00021775">
        </testcase>
        <testcase classname="src/tests/runtimes/handleCloudMessage.test.ts" name="handleCloudMessage &gt; handles unknown message type" time="0.000173791">
        </testcase>
        <testcase classname="src/tests/runtimes/handleCloudMessage.test.ts" name="handleCloudMessage &gt; handles map_change" time="0.000321917">
        </testcase>
        <testcase classname="src/tests/runtimes/handleCloudMessage.test.ts" name="handleCloudMessage &gt; handles rpc_response with status result" time="0.000135792">
        </testcase>
        <testcase classname="src/tests/runtimes/handleCloudMessage.test.ts" name="handleCloudMessage &gt; handles suction_power message" time="0.001761417">
        </testcase>
        <testcase classname="src/tests/runtimes/handleCloudMessage.test.ts" name="handleCloudMessage &gt; handles water_box_mode message" time="0.000319916">
        </testcase>
    </testsuite>
    <testsuite name="src/tests/runtimes/handleHomeDataMessage.test.ts" timestamp="2026-01-17T10:38:40.004Z" hostname="Ryans-Macbook-Air-M3.local" tests="17" failures="0" errors="0" skipped="0" time="0.010849042">
        <testcase classname="src/tests/runtimes/handleHomeDataMessage.test.ts" name="updateFromHomeData &gt; should update robot attributes when valid data is provided" time="0.002579333">
        </testcase>
        <testcase classname="src/tests/runtimes/handleHomeDataMessage.test.ts" name="updateFromHomeData &gt; should log error if robot is not found" time="0.000250042">
        </testcase>
        <testcase classname="src/tests/runtimes/handleHomeDataMessage.test.ts" name="updateFromHomeData &gt; should log error if device data is undefined" time="0.000118375">
        </testcase>
        <testcase classname="src/tests/runtimes/handleHomeDataMessage.test.ts" name="updateFromHomeData &gt; should return early if no state or matterState" time="0.000393375">
        </testcase>
        <testcase classname="src/tests/runtimes/handleHomeDataMessage.test.ts" name="updateFromHomeData &gt; should return early if platform has no robots" time="0.000111833">
        </testcase>
        <testcase classname="src/tests/runtimes/handleHomeDataMessage.test.ts" name="updateFromHomeData &gt; should skip robot update when robot is found but continue to next device" time="0.000600333">
        </testcase>
        <testcase classname="src/tests/runtimes/handleHomeDataMessage.test.ts" name="updateFromHomeData &gt; should handle when device is filtered out before loop" time="0.000426917">
        </testcase>
        <testcase classname="src/tests/runtimes/handleHomeDataMessage.test.ts" name="updateFromHomeData &gt; should handle missing battery level" time="0.000848125">
        </testcase>
        <testcase classname="src/tests/runtimes/handleHomeDataMessage.test.ts" name="updateFromHomeData &gt; should handle state without matterState mapping" time="0.000546833">
        </testcase>
        <testcase classname="src/tests/runtimes/handleHomeDataMessage.test.ts" name="updateFromHomeData &gt; should return early when state is undefined" time="0.000225">
        </testcase>
        <testcase classname="src/tests/runtimes/handleHomeDataMessage.test.ts" name="updateFromHomeData &gt; should handle missing operational state" time="0.000287458">
        </testcase>
        <testcase classname="src/tests/runtimes/handleHomeDataMessage.test.ts" name="updateFromHomeData &gt; should process device when it has docking station status" time="0.000251833">
        </testcase>
        <testcase classname="src/tests/runtimes/handleHomeDataMessage.test.ts" name="updateFromHomeData &gt; should log error and continue when robot is removed during processing" time="0.000244583">
        </testcase>
        <testcase classname="src/tests/runtimes/handleHomeDataMessage.test.ts" name="updateFromHomeData &gt; should update batChargeState when batteryLevel exists" time="0.000297916">
        </testcase>
        <testcase classname="src/tests/runtimes/handleHomeDataMessage.test.ts" name="updateFromHomeData &gt; should not update batChargeState when batteryLevel is missing" time="0.0025755">
        </testcase>
        <testcase classname="src/tests/runtimes/handleHomeDataMessage.test.ts" name="updateFromHomeData &gt; should handle zero battery level" time="0.0002665">
        </testcase>
        <testcase classname="src/tests/runtimes/handleHomeDataMessage.test.ts" name="updateFromHomeData &gt; should handle homeData without matching product schema" time="0.000093167">
        </testcase>
    </testsuite>
    <testsuite name="src/tests/runtimes/handleLocalMessage.test.ts" timestamp="2026-01-17T10:38:40.005Z" hostname="Ryans-Macbook-Air-M3.local" tests="25" failures="0" errors="0" skipped="0" time="0.008987375">
        <testcase classname="src/tests/runtimes/handleLocalMessage.test.ts" name="handleLocalMessage -- FF ON &gt; logs error if robot not found" time="0.001157208">
        </testcase>
        <testcase classname="src/tests/runtimes/handleLocalMessage.test.ts" name="handleLocalMessage -- FF ON &gt; updates selectedAreas on Idle" time="0.001026833">
        </testcase>
        <testcase classname="src/tests/runtimes/handleLocalMessage.test.ts" name="handleLocalMessage -- FF ON &gt; updates currentArea and selectedAreas to null/[] when cleaning_info is missing" time="0.000435">
        </testcase>
        <testcase classname="src/tests/runtimes/handleLocalMessage.test.ts" name="handleLocalMessage -- FF ON &gt; updates battery attributes if battery present" time="0.0004615">
        </testcase>
        <testcase classname="src/tests/runtimes/handleLocalMessage.test.ts" name="handleLocalMessage -- FF ON &gt; updates currentArea based on segment_id" time="0.001181833">
        </testcase>
        <testcase classname="src/tests/runtimes/handleLocalMessage.test.ts" name="handleLocalMessage -- FF ON &gt; returns early when robot not found in mapRoomsToAreasFeatureOn" time="0.000086167">
        </testcase>
        <testcase classname="src/tests/runtimes/handleLocalMessage.test.ts" name="handleLocalMessage -- FF ON &gt; returns early when cleaning_info is missing in mapRoomsToAreasFeatureOn" time="0.000237708">
        </testcase>
        <testcase classname="src/tests/runtimes/handleLocalMessage.test.ts" name="handleLocalMessage -- FF ON &gt; returns early when areaId is not found" time="0.000273583">
        </testcase>
        <testcase classname="src/tests/runtimes/handleLocalMessage.test.ts" name="handleLocalMessage -- FF ON &gt; processes docking station status when enabled and dss is present" time="0.000447541">
        </testcase>
        <testcase classname="src/tests/runtimes/handleLocalMessage.test.ts" name="handleLocalMessage -- FF ON &gt; does not process dss when feature is disabled" time="0.000268125">
        </testcase>
        <testcase classname="src/tests/runtimes/handleLocalMessage.test.ts" name="handleLocalMessage -- FF ON &gt; triggerDssError returns true if already in Error state" time="0.00016625">
        </testcase>
        <testcase classname="src/tests/runtimes/handleLocalMessage.test.ts" name="handleLocalMessage -- FF ON &gt; handles data from log with segment_id -1 for FF ON" time="0.000296833">
        </testcase>
        <testcase classname="src/tests/runtimes/handleLocalMessage.test.ts" name="handleLocalMessage -- FF OFF &gt; logs error if robot not found" time="0.000074209">
        </testcase>
        <testcase classname="src/tests/runtimes/handleLocalMessage.test.ts" name="handleLocalMessage -- FF OFF &gt; updates selectedAreas on Idle" time="0.000236">
        </testcase>
        <testcase classname="src/tests/runtimes/handleLocalMessage.test.ts" name="handleLocalMessage -- FF OFF &gt; updates currentArea and selectedAreas to null/[] when cleaning_info is missing" time="0.000235833">
        </testcase>
        <testcase classname="src/tests/runtimes/handleLocalMessage.test.ts" name="handleLocalMessage -- FF OFF &gt; updates battery attributes if battery present" time="0.000140042">
        </testcase>
        <testcase classname="src/tests/runtimes/handleLocalMessage.test.ts" name="handleLocalMessage -- FF OFF &gt; updates currentArea based on segment_id" time="0.000444708">
        </testcase>
        <testcase classname="src/tests/runtimes/handleLocalMessage.test.ts" name="handleLocalMessage -- FF OFF &gt; returns early when robot not found in mapRoomsToAreasFeatureOff" time="0.000054417">
        </testcase>
        <testcase classname="src/tests/runtimes/handleLocalMessage.test.ts" name="handleLocalMessage -- FF OFF &gt; returns early when cleaning_info is missing in mapRoomsToAreasFeatureOff" time="0.000113208">
        </testcase>
        <testcase classname="src/tests/runtimes/handleLocalMessage.test.ts" name="handleLocalMessage -- FF OFF &gt; sets currentArea to null when segment_id is -1" time="0.000245542">
        </testcase>
        <testcase classname="src/tests/runtimes/handleLocalMessage.test.ts" name="handleLocalMessage -- FF OFF &gt; handles robot not found when getting dss status" time="0.000095125">
        </testcase>
        <testcase classname="src/tests/runtimes/handleLocalMessage.test.ts" name="handleLocalMessage -- FF OFF &gt; handles robot not found in mapRoomsToAreasFeatureOff" time="0.0000565">
        </testcase>
        <testcase classname="src/tests/runtimes/handleLocalMessage.test.ts" name="handleLocalMessage -- FF OFF &gt; handles robot not found in mapRoomsToAreasFeatureOn" time="0.000053083">
        </testcase>
        <testcase classname="src/tests/runtimes/handleLocalMessage.test.ts" name="handleLocalMessage -- FF OFF &gt; handles missing cleaning_info in mapRoomsToAreasFeatureOn" time="0.000124541">
        </testcase>
        <testcase classname="src/tests/runtimes/handleLocalMessage.test.ts" name="handleLocalMessage -- FF OFF &gt; handles data from log with segment_id -1" time="0.000301167">
        </testcase>
    </testsuite>
    <testsuite name="src/tests/services/areaManagementService.test.ts" timestamp="2026-01-17T10:38:40.006Z" hostname="Ryans-Macbook-Air-M3.local" tests="46" failures="0" errors="0" skipped="0" time="0.015185125">
        <testcase classname="src/tests/services/areaManagementService.test.ts" name="AreaManagementService &gt; Initialization &gt; should initialize with all dependencies" time="0.000982166">
        </testcase>
        <testcase classname="src/tests/services/areaManagementService.test.ts" name="AreaManagementService &gt; Initialization &gt; should initialize with logger only" time="0.000140542">
        </testcase>
        <testcase classname="src/tests/services/areaManagementService.test.ts" name="AreaManagementService &gt; Initialization &gt; should initialize with logger and iotApi" time="0.000225583">
        </testcase>
        <testcase classname="src/tests/services/areaManagementService.test.ts" name="AreaManagementService &gt; Initialization &gt; should set IoT API after initialization" time="0.000485875">
        </testcase>
        <testcase classname="src/tests/services/areaManagementService.test.ts" name="AreaManagementService &gt; Initialization &gt; should set message client after initialization" time="0.000122125">
        </testcase>
        <testcase classname="src/tests/services/areaManagementService.test.ts" name="AreaManagementService &gt; Supported Areas Management &gt; should set and get supported areas" time="0.000618625">
        </testcase>
        <testcase classname="src/tests/services/areaManagementService.test.ts" name="AreaManagementService &gt; Supported Areas Management &gt; should return undefined for device without areas" time="0.000100375">
        </testcase>
        <testcase classname="src/tests/services/areaManagementService.test.ts" name="AreaManagementService &gt; Supported Areas Management &gt; should handle empty areas array" time="0.000177916">
        </testcase>
        <testcase classname="src/tests/services/areaManagementService.test.ts" name="AreaManagementService &gt; Supported Areas Management &gt; should support multiple devices" time="0.000214583">
        </testcase>
        <testcase classname="src/tests/services/areaManagementService.test.ts" name="AreaManagementService &gt; Supported Areas Management &gt; should update existing areas" time="0.000099458">
        </testcase>
        <testcase classname="src/tests/services/areaManagementService.test.ts" name="AreaManagementService &gt; Area Index Map Management &gt; should set and get area index map" time="0.000196375">
        </testcase>
        <testcase classname="src/tests/services/areaManagementService.test.ts" name="AreaManagementService &gt; Area Index Map Management &gt; should return undefined for device without index map" time="0.000066709">
        </testcase>
        <testcase classname="src/tests/services/areaManagementService.test.ts" name="AreaManagementService &gt; Selected Areas Management &gt; should return empty array when no areas selected" time="0.0001095">
        </testcase>
        <testcase classname="src/tests/services/areaManagementService.test.ts" name="AreaManagementService &gt; Selected Areas Management &gt; should set selected areas with valid index map" time="0.000488708">
        </testcase>
        <testcase classname="src/tests/services/areaManagementService.test.ts" name="AreaManagementService &gt; Selected Areas Management &gt; should handle selected areas without index map" time="0.0001885">
        </testcase>
        <testcase classname="src/tests/services/areaManagementService.test.ts" name="AreaManagementService &gt; Selected Areas Management &gt; should filter out invalid area IDs" time="0.000135583">
        </testcase>
        <testcase classname="src/tests/services/areaManagementService.test.ts" name="AreaManagementService &gt; Selected Areas Management &gt; should handle empty selection" time="0.000121791">
        </testcase>
        <testcase classname="src/tests/services/areaManagementService.test.ts" name="AreaManagementService &gt; Selected Areas Management &gt; should return empty array for unknown device" time="0.000071333">
        </testcase>
        <testcase classname="src/tests/services/areaManagementService.test.ts" name="AreaManagementService &gt; Supported Routines Management &gt; should set and get supported routines" time="0.000123959">
        </testcase>
        <testcase classname="src/tests/services/areaManagementService.test.ts" name="AreaManagementService &gt; Supported Routines Management &gt; should return undefined for device without routines" time="0.001425">
        </testcase>
        <testcase classname="src/tests/services/areaManagementService.test.ts" name="AreaManagementService &gt; Supported Routines Management &gt; should handle empty routines array" time="0.00012925">
        </testcase>
        <testcase classname="src/tests/services/areaManagementService.test.ts" name="AreaManagementService &gt; getMapInformation &gt; should retrieve map information successfully" time="0.002429125">
        </testcase>
        <testcase classname="src/tests/services/areaManagementService.test.ts" name="AreaManagementService &gt; getMapInformation &gt; should return undefined when no maps available" time="0.000237417">
        </testcase>
        <testcase classname="src/tests/services/areaManagementService.test.ts" name="AreaManagementService &gt; getMapInformation &gt; should handle error when empty maps array returned" time="0.00074775">
        </testcase>
        <testcase classname="src/tests/services/areaManagementService.test.ts" name="AreaManagementService &gt; getMapInformation &gt; should throw DeviceError when message client not initialized" time="0.000481542">
        </testcase>
        <testcase classname="src/tests/services/areaManagementService.test.ts" name="AreaManagementService &gt; getRoomMappings &gt; should retrieve room mappings with secure request" time="0.00043975">
        </testcase>
        <testcase classname="src/tests/services/areaManagementService.test.ts" name="AreaManagementService &gt; getRoomMappings &gt; should retrieve room mappings with non-secure request" time="0.000517042">
        </testcase>
        <testcase classname="src/tests/services/areaManagementService.test.ts" name="AreaManagementService &gt; getRoomMappings &gt; should return undefined when message client not initialized" time="0.000234209">
        </testcase>
        <testcase classname="src/tests/services/areaManagementService.test.ts" name="AreaManagementService &gt; getRoomMappings &gt; should handle empty room mappings" time="0.000238708">
        </testcase>
        <testcase classname="src/tests/services/areaManagementService.test.ts" name="AreaManagementService &gt; getScenes &gt; should retrieve scenes successfully" time="0.000289375">
        </testcase>
        <testcase classname="src/tests/services/areaManagementService.test.ts" name="AreaManagementService &gt; getScenes &gt; should throw DeviceError when IoT API not initialized" time="0.00019575">
        </testcase>
        <testcase classname="src/tests/services/areaManagementService.test.ts" name="AreaManagementService &gt; getScenes &gt; should handle empty scenes array" time="0.000087834">
        </testcase>
        <testcase classname="src/tests/services/areaManagementService.test.ts" name="AreaManagementService &gt; getScenes &gt; should handle undefined scenes" time="0.000126209">
        </testcase>
        <testcase classname="src/tests/services/areaManagementService.test.ts" name="AreaManagementService &gt; startScene &gt; should start scene successfully" time="0.000127709">
        </testcase>
        <testcase classname="src/tests/services/areaManagementService.test.ts" name="AreaManagementService &gt; startScene &gt; should throw DeviceError when IoT API not initialized" time="0.000143291">
        </testcase>
        <testcase classname="src/tests/services/areaManagementService.test.ts" name="AreaManagementService &gt; startScene &gt; should propagate API errors" time="0.000123167">
        </testcase>
        <testcase classname="src/tests/services/areaManagementService.test.ts" name="AreaManagementService &gt; clearAll &gt; should clear all data" time="0.000150417">
        </testcase>
        <testcase classname="src/tests/services/areaManagementService.test.ts" name="AreaManagementService &gt; clearAll &gt; should be safe to call multiple times" time="0.000106">
        </testcase>
        <testcase classname="src/tests/services/areaManagementService.test.ts" name="AreaManagementService &gt; clearAll &gt; should clear empty service without errors" time="0.000154042">
        </testcase>
        <testcase classname="src/tests/services/areaManagementService.test.ts" name="AreaManagementService &gt; Integration Scenarios &gt; should handle complete area setup workflow" time="0.0001085">
        </testcase>
        <testcase classname="src/tests/services/areaManagementService.test.ts" name="AreaManagementService &gt; Integration Scenarios &gt; should handle multiple devices independently" time="0.000087">
        </testcase>
        <testcase classname="src/tests/services/areaManagementService.test.ts" name="AreaManagementService &gt; Integration Scenarios &gt; should handle scene workflow with IoT API" time="0.000098084">
        </testcase>
        <testcase classname="src/tests/services/areaManagementService.test.ts" name="AreaManagementService &gt; Error Handling &gt; should handle null/undefined device IDs gracefully" time="0.000098167">
        </testcase>
        <testcase classname="src/tests/services/areaManagementService.test.ts" name="AreaManagementService &gt; Error Handling &gt; should handle malformed area data" time="0.000124375">
        </testcase>
        <testcase classname="src/tests/services/areaManagementService.test.ts" name="AreaManagementService &gt; Error Handling &gt; should propagate message client errors" time="0.00026025">
        </testcase>
        <testcase classname="src/tests/services/areaManagementService.test.ts" name="AreaManagementService &gt; Error Handling &gt; should propagate IoT API errors" time="0.000130875">
        </testcase>
    </testsuite>
    <testsuite name="src/tests/services/authenticationService.test.ts" timestamp="2026-01-17T10:38:40.008Z" hostname="Ryans-Macbook-Air-M3.local" tests="22" failures="0" errors="0" skipped="0" time="0.007411333">
        <testcase classname="src/tests/services/authenticationService.test.ts" name="AuthenticationService &gt; requestVerificationCode &gt; should successfully request verification code" time="0.00123825">
        </testcase>
        <testcase classname="src/tests/services/authenticationService.test.ts" name="AuthenticationService &gt; requestVerificationCode &gt; should handle API errors gracefully" time="0.00098675">
        </testcase>
        <testcase classname="src/tests/services/authenticationService.test.ts" name="AuthenticationService &gt; requestVerificationCode &gt; should validate email format" time="0.000121125">
        </testcase>
        <testcase classname="src/tests/services/authenticationService.test.ts" name="AuthenticationService &gt; requestVerificationCode &gt; should handle empty email" time="0.000369084">
        </testcase>
        <testcase classname="src/tests/services/authenticationService.test.ts" name="AuthenticationService &gt; loginWithVerificationCode &gt; should login successfully with verification code" time="0.000414584">
        </testcase>
        <testcase classname="src/tests/services/authenticationService.test.ts" name="AuthenticationService &gt; loginWithVerificationCode &gt; should handle invalid verification code" time="0.000107458">
        </testcase>
        <testcase classname="src/tests/services/authenticationService.test.ts" name="AuthenticationService &gt; loginWithVerificationCode &gt; should validate verification code format" time="0.000152167">
        </testcase>
        <testcase classname="src/tests/services/authenticationService.test.ts" name="AuthenticationService &gt; loginWithVerificationCode &gt; should handle network errors during code login" time="0.000180375">
        </testcase>
        <testcase classname="src/tests/services/authenticationService.test.ts" name="AuthenticationService &gt; loginWithPassword &gt; should use cached user data when available" time="0.000384292">
        </testcase>
        <testcase classname="src/tests/services/authenticationService.test.ts" name="AuthenticationService &gt; loginWithPassword &gt; should login with password when no cached data" time="0.001090125">
        </testcase>
        <testcase classname="src/tests/services/authenticationService.test.ts" name="AuthenticationService &gt; loginWithPassword &gt; should fallback to password when cached data fails" time="0.0001695">
        </testcase>
        <testcase classname="src/tests/services/authenticationService.test.ts" name="AuthenticationService &gt; loginWithPassword &gt; should handle authentication failures" time="0.000220375">
        </testcase>
[...]
        </testcase>
        <testcase classname="src/tests/roborockCommunication/broadcast/client/MQTTClient.test.ts" name="MQTTClient &gt; should not disconnect if not connected" time="0.0002715">
        </testcase>
        <testcase classname="src/tests/roborockCommunication/broadcast/client/MQTTClient.test.ts" name="MQTTClient &gt; should log error if disconnect throws" time="0.000965125">
        </testcase>
        <testcase classname="src/tests/roborockCommunication/broadcast/client/MQTTClient.test.ts" name="MQTTClient &gt; should publish message if connected" time="0.0008405">
        </testcase>
        <testcase classname="src/tests/roborockCommunication/broadcast/client/MQTTClient.test.ts" name="MQTTClient &gt; should log error if send called when not connected" time="0.00029">
        </testcase>
        <testcase classname="src/tests/roborockCommunication/broadcast/client/MQTTClient.test.ts" name="MQTTClient &gt; onConnect should set connected, call onConnected, and subscribeToQueue" time="0.000192708">
        </testcase>
        <testcase classname="src/tests/roborockCommunication/broadcast/client/MQTTClient.test.ts" name="MQTTClient &gt; subscribeToQueue should call client.subscribe with correct topic" time="0.001576833">
        </testcase>
        <testcase classname="src/tests/roborockCommunication/broadcast/client/MQTTClient.test.ts" name="MQTTClient &gt; onSubscribe should log error and call onDisconnected if error" time="0.000643542">
        </testcase>
        <testcase classname="src/tests/roborockCommunication/broadcast/client/MQTTClient.test.ts" name="MQTTClient &gt; onSubscribe should do nothing if no error" time="0.000234417">
        </testcase>
        <testcase classname="src/tests/roborockCommunication/broadcast/client/MQTTClient.test.ts" name="MQTTClient &gt; onDisconnect should call onDisconnected" time="0.0001685">
        </testcase>
        <testcase classname="src/tests/roborockCommunication/broadcast/client/MQTTClient.test.ts" name="MQTTClient &gt; onError should log error and call onError" time="0.000288625">
        </testcase>
        <testcase classname="src/tests/roborockCommunication/broadcast/client/MQTTClient.test.ts" name="MQTTClient &gt; onReconnect should call subscribeToQueue" time="0.000165125">
        </testcase>
        <testcase classname="src/tests/roborockCommunication/broadcast/client/MQTTClient.test.ts" name="MQTTClient &gt; onMessage should call deserializer and messageListeners.onMessage if message" time="0.00033525">
        </testcase>
        <testcase classname="src/tests/roborockCommunication/broadcast/client/MQTTClient.test.ts" name="MQTTClient &gt; onMessage should log notice if message is falsy" time="0.000185625">
        </testcase>
        <testcase classname="src/tests/roborockCommunication/broadcast/client/MQTTClient.test.ts" name="MQTTClient &gt; onMessage should log error if deserializer throws" time="0.020032542">
        </testcase>
        <testcase classname="src/tests/roborockCommunication/broadcast/client/MQTTClient.test.ts" name="MQTTClient &gt; connect should setup mqtt client with event handlers" time="0.028180333">
        </testcase>
        <testcase classname="src/tests/roborockCommunication/broadcast/client/MQTTClient.test.ts" name="MQTTClient &gt; keepConnectionAlive should setup interval that reconnects client" time="0.001571625">
        </testcase>
        <testcase classname="src/tests/roborockCommunication/broadcast/client/MQTTClient.test.ts" name="MQTTClient &gt; keepConnectionAlive should call connect if mqttClient is undefined" time="0.001556625">
        </testcase>
        <testcase classname="src/tests/roborockCommunication/broadcast/client/MQTTClient.test.ts" name="MQTTClient &gt; keepConnectionAlive should clear existing interval before setting new one" time="0.000478334">
        </testcase>
        <testcase classname="src/tests/roborockCommunication/broadcast/client/MQTTClient.test.ts" name="MQTTClient &gt; disconnect should return early if not connected" time="0.000162833">
        </testcase>
        <testcase classname="src/tests/roborockCommunication/broadcast/client/MQTTClient.test.ts" name="MQTTClient &gt; onClose should call onDisconnected only if connected" time="0.000181584">
        </testcase>
        <testcase classname="src/tests/roborockCommunication/broadcast/client/MQTTClient.test.ts" name="MQTTClient &gt; onClose should not call onDisconnected if already disconnected" time="0.000140542">
        </testcase>
        <testcase classname="src/tests/roborockCommunication/broadcast/client/MQTTClient.test.ts" name="MQTTClient &gt; onOffline should set connected to false and call onDisconnected" time="0.000206333">
        </testcase>
        <testcase classname="src/tests/roborockCommunication/broadcast/client/MQTTClient.test.ts" name="MQTTClient &gt; onReconnect should call onReconnect on connectionListeners" time="0.002704542">
        </testcase>
    </testsuite>
    <testsuite name="src/tests/roborockCommunication/broadcast/handler/simpleMessageHandler.test.ts" timestamp="2026-01-17T10:38:40.030Z" hostname="Ryans-Macbook-Air-M3.local" tests="4" failures="0" errors="0" skipped="0" time="0.00302925">
        <testcase classname="src/tests/roborockCommunication/broadcast/handler/simpleMessageHandler.test.ts" name="SimpleMessageHandler &gt; calls deviceNotify on error" time="0.001648083">
        </testcase>
        <testcase classname="src/tests/roborockCommunication/broadcast/handler/simpleMessageHandler.test.ts" name="SimpleMessageHandler &gt; calls deviceNotify on battery update" time="0.000272125">
        </testcase>
        <testcase classname="src/tests/roborockCommunication/broadcast/handler/simpleMessageHandler.test.ts" name="SimpleMessageHandler &gt; does nothing if deviceNotify is undefined" time="0.000322375">
        </testcase>
        <testcase classname="src/tests/roborockCommunication/broadcast/handler/simpleMessageHandler.test.ts" name="SimpleMessageHandler &gt; onStatusChanged and onAdditionalProps do not throw" time="0.000260334">
        </testcase>
    </testsuite>
    <testsuite name="src/tests/roborockCommunication/broadcast/model/messageContext.test.ts" timestamp="2026-01-17T10:38:40.031Z" hostname="Ryans-Macbook-Air-M3.local" tests="4" failures="0" errors="0" skipped="0" time="0.0024445">
        <testcase classname="src/tests/roborockCommunication/broadcast/model/messageContext.test.ts" name="MessageContext &gt; constructs and exposes endpoint, nonce and serializeNonce hex" time="0.000968333">
        </testcase>
        <testcase classname="src/tests/roborockCommunication/broadcast/model/messageContext.test.ts" name="MessageContext &gt; registerDevice, updateNonce and getters" time="0.000232208">
        </testcase>
        <testcase classname="src/tests/roborockCommunication/broadcast/model/messageContext.test.ts" name="MessageContext &gt; updateNonce should not throw for non-existent device" time="0.000333083">
        </testcase>
        <testcase classname="src/tests/roborockCommunication/broadcast/model/messageContext.test.ts" name="MessageContext &gt; should return undefined for all getters on non-existent device" time="0.000250792">
        </testcase>
    </testsuite>
    <testsuite name="src/tests/roborockCommunication/broadcast/model/requestMessage.test.ts" timestamp="2026-01-17T10:38:40.031Z" hostname="Ryans-Macbook-Air-M3.local" tests="5" failures="0" errors="0" skipped="0" time="0.002561666">
        <testcase classname="src/tests/roborockCommunication/broadcast/model/requestMessage.test.ts" name="RequestMessage &gt; constructor uses provided values" time="0.000912583">
        </testcase>
        <testcase classname="src/tests/roborockCommunication/broadcast/model/requestMessage.test.ts" name="RequestMessage &gt; constructor uses defaults when values not provided" time="0.000395167">
        </testcase>
        <testcase classname="src/tests/roborockCommunication/broadcast/model/requestMessage.test.ts" name="RequestMessage &gt; toMqttRequest returns new instance with same data" time="0.000127666">
        </testcase>
        <testcase classname="src/tests/roborockCommunication/broadcast/model/requestMessage.test.ts" name="RequestMessage &gt; toLocalRequest converts rpc_request to general_request" time="0.000382458">
        </testcase>
        <testcase classname="src/tests/roborockCommunication/broadcast/model/requestMessage.test.ts" name="RequestMessage &gt; toLocalRequest returns this for non-rpc protocols" time="0.00006175">
        </testcase>
    </testsuite>
    <testsuite name="src/tests/roborockCommunication/broadcast/model/responseMessage.test.ts" timestamp="2026-01-17T10:38:40.031Z" hostname="Ryans-Macbook-Air-M3.local" tests="1" failures="0" errors="0" skipped="0" time="0.001432917">
        <testcase classname="src/tests/roborockCommunication/broadcast/model/responseMessage.test.ts" name="ResponseMessage &gt; stores duid and dps and exposes contain/get" time="0.000831834">
        </testcase>
    </testsuite>
    <testsuite name="src/tests/roborockCommunication/broadcast/listener/implementation/chainedConnectionListener.test.ts" timestamp="2026-01-17T10:38:40.031Z" hostname="Ryans-Macbook-Air-M3.local" tests="5" failures="0" errors="0" skipped="0" time="0.002983125">
        <testcase classname="src/tests/roborockCommunication/broadcast/listener/implementation/chainedConnectionListener.test.ts" name="ChainedConnectionListener &gt; should register listeners" time="0.000911792">
        </testcase>
        <testcase classname="src/tests/roborockCommunication/broadcast/listener/implementation/chainedConnectionListener.test.ts" name="ChainedConnectionListener &gt; should call onConnected on all listeners" time="0.000422792">
        </testcase>
        <testcase classname="src/tests/roborockCommunication/broadcast/listener/implementation/chainedConnectionListener.test.ts" name="ChainedConnectionListener &gt; should call onDisconnected on all listeners" time="0.000160583">
        </testcase>
        <testcase classname="src/tests/roborockCommunication/broadcast/listener/implementation/chainedConnectionListener.test.ts" name="ChainedConnectionListener &gt; should call onError on all listeners with the same message" time="0.000585458">
        </testcase>
        <testcase classname="src/tests/roborockCommunication/broadcast/listener/implementation/chainedConnectionListener.test.ts" name="ChainedConnectionListener &gt; should work with no listeners registered" time="0.000388875">
        </testcase>
    </testsuite>
    <testsuite name="src/tests/roborockCommunication/broadcast/listener/implementation/chainedMessageListener.test.ts" timestamp="2026-01-17T10:38:40.031Z" hostname="Ryans-Macbook-Air-M3.local" tests="3" failures="0" errors="0" skipped="0" time="0.002391625">
        <testcase classname="src/tests/roborockCommunication/broadcast/listener/implementation/chainedMessageListener.test.ts" name="ChainedMessageListener &gt; should call onMessage on all registered listeners" time="0.001330666">
        </testcase>
        <testcase classname="src/tests/roborockCommunication/broadcast/listener/implementation/chainedMessageListener.test.ts" name="ChainedMessageListener &gt; should not fail if no listeners registered" time="0.000378667">
        </testcase>
        <testcase classname="src/tests/roborockCommunication/broadcast/listener/implementation/chainedMessageListener.test.ts" name="ChainedMessageListener &gt; should call listeners in order" time="0.000185042">
        </testcase>
    </testsuite>
    <testsuite name="src/tests/roborockCommunication/broadcast/listener/implementation/connectionStateListener.test.ts" timestamp="2026-01-17T10:38:40.032Z" hostname="Ryans-Macbook-Air-M3.local" tests="8" failures="0" errors="0" skipped="0" time="0.007396958">
        <testcase classname="src/tests/roborockCommunication/broadcast/listener/implementation/connectionStateListener.test.ts" name="ConnectionStateListener &gt; resets retryCount to 0 on reconnect" time="0.001496416">
        </testcase>
        <testcase classname="src/tests/roborockCommunication/broadcast/listener/implementation/connectionStateListener.test.ts" name="ConnectionStateListener &gt; resets retryCount to 0 and logs on connected" time="0.000323709">
        </testcase>
        <testcase classname="src/tests/roborockCommunication/broadcast/listener/implementation/connectionStateListener.test.ts" name="ConnectionStateListener &gt; logs error on onError" time="0.00016725">
        </testcase>
        <testcase classname="src/tests/roborockCommunication/broadcast/listener/implementation/connectionStateListener.test.ts" name="ConnectionStateListener &gt; does not reconnect if shouldReconnect is false" time="0.000730416">
        </testcase>
        <testcase classname="src/tests/roborockCommunication/broadcast/listener/implementation/connectionStateListener.test.ts" name="ConnectionStateListener &gt; schedules manual reconnect after 30s if still disconnected" time="0.002078166">
        </testcase>
        <testcase classname="src/tests/roborockCommunication/broadcast/listener/implementation/connectionStateListener.test.ts" name="ConnectionStateListener &gt; increments retryCount and schedules reconnect after 30s" time="0.000878208">
        </testcase>
        <testcase classname="src/tests/roborockCommunication/broadcast/listener/implementation/connectionStateListener.test.ts" name="ConnectionStateListener &gt; does not reconnect if retryCount &gt; 10" time="0.000219125">
        </testcase>
        <testcase classname="src/tests/roborockCommunication/broadcast/listener/implementation/connectionStateListener.test.ts" name="ConnectionStateListener &gt; skips re-registration if in disconnecting step" time="0.000188334">
        </testcase>
    </testsuite>
    <testsuite name="src/tests/roborockCommunication/broadcast/listener/implementation/pingResponseListener.test.ts" timestamp="2026-01-17T10:38:40.032Z" hostname="Ryans-Macbook-Air-M3.local" tests="3" failures="0" errors="0" skipped="0" time="0.006942875">
        <testcase classname="src/tests/roborockCommunication/broadcast/listener/implementation/pingResponseListener.test.ts" name="PingResponseListener &gt; resolves when hello_response message received" time="0.003928958">
        </testcase>
        <testcase classname="src/tests/roborockCommunication/broadcast/listener/implementation/pingResponseListener.test.ts" name="PingResponseListener &gt; does not resolve for non-hello_response message" time="0.001151">
        </testcase>
        <testcase classname="src/tests/roborockCommunication/broadcast/listener/implementation/pingResponseListener.test.ts" name="PingResponseListener &gt; rejects if timeout elapses" time="0.000713667">
        </testcase>
    </testsuite>
    <testsuite name="src/tests/roborockCommunication/broadcast/listener/implementation/simpleMessageListener.test.ts" timestamp="2026-01-17T10:38:40.032Z" hostname="Ryans-Macbook-Air-M3.local" tests="7" failures="0" errors="0" skipped="0" time="0.007622583">
        <testcase classname="src/tests/roborockCommunication/broadcast/listener/implementation/simpleMessageListener.test.ts" name="SimpleMessageListener &gt; should do nothing if no handler registered" time="0.00211625">
        </testcase>
        <testcase classname="src/tests/roborockCommunication/broadcast/listener/implementation/simpleMessageListener.test.ts" name="SimpleMessageListener &gt; should do nothing if message is rpc_response or map_response" time="0.001061833">
        </testcase>
        <testcase classname="src/tests/roborockCommunication/broadcast/listener/implementation/simpleMessageListener.test.ts" name="SimpleMessageListener &gt; should call onStatusChanged if status_update present" time="0.000551667">
        </testcase>
        <testcase classname="src/tests/roborockCommunication/broadcast/listener/implementation/simpleMessageListener.test.ts" name="SimpleMessageListener &gt; should call onError if error present" time="0.001386958">
        </testcase>
        <testcase classname="src/tests/roborockCommunication/broadcast/listener/implementation/simpleMessageListener.test.ts" name="SimpleMessageListener &gt; should call onBatteryUpdate if battery present" time="0.000343459">
        </testcase>
        <testcase classname="src/tests/roborockCommunication/broadcast/listener/implementation/simpleMessageListener.test.ts" name="SimpleMessageListener &gt; should call onAdditionalProps if additional_props present" time="0.000364333">
        </testcase>
        <testcase classname="src/tests/roborockCommunication/broadcast/listener/implementation/simpleMessageListener.test.ts" name="SimpleMessageListener &gt; should not call handler methods if they are undefined" time="0.000228458">
        </testcase>
    </testsuite>
    <testsuite name="src/tests/roborockCommunication/broadcast/listener/implementation/syncMessageListener.test.ts" timestamp="2026-01-17T10:38:40.032Z" hostname="Ryans-Macbook-Air-M3.local" tests="11" failures="0" errors="0" skipped="0" time="0.01010925">
        <testcase classname="src/tests/roborockCommunication/broadcast/listener/implementation/syncMessageListener.test.ts" name="SyncMessageListener &gt; should call resolve and remove pending on rpc_response" time="0.004736625">
        </testcase>
        <testcase classname="src/tests/roborockCommunication/broadcast/listener/implementation/syncMessageListener.test.ts" name="SyncMessageListener &gt; should call resolve if result is [&quot;ok&quot;]" time="0.000767333">
        </testcase>
        <testcase classname="src/tests/roborockCommunication/broadcast/listener/implementation/syncMessageListener.test.ts" name="SyncMessageListener &gt; should remove pending on map_response" time="0.000324375">
        </testcase>
        <testcase classname="src/tests/roborockCommunication/broadcast/listener/implementation/syncMessageListener.test.ts" name="SyncMessageListener &gt; should call reject after timeout if not resolved" time="0.000596125">
        </testcase>
        <testcase classname="src/tests/roborockCommunication/broadcast/listener/implementation/syncMessageListener.test.ts" name="SyncMessageListener &gt; should not call resolve if no pending handler exists" time="0.000192292">
        </testcase>
        <testcase classname="src/tests/roborockCommunication/broadcast/listener/implementation/syncMessageListener.test.ts" name="SyncMessageListener &gt; should handle messages that do not contain rpc_response or map_response" time="0.000155">
        </testcase>
        <testcase classname="src/tests/roborockCommunication/broadcast/listener/implementation/syncMessageListener.test.ts" name="SyncMessageListener &gt; 111 - should handle real rpc_response data" time="0.000265292">
        </testcase>
        <testcase classname="src/tests/roborockCommunication/broadcast/listener/implementation/syncMessageListener.test.ts" name="SyncMessageListener &gt; 222 - should handle real rpc_response with wifi info" time="0.000239209">
        </testcase>
        <testcase classname="src/tests/roborockCommunication/broadcast/listener/implementation/syncMessageListener.test.ts" name="SyncMessageListener &gt; should handle protocol 4 (general_request) with data in key 102 - get_multi_maps_list" time="0.000638083">
        </testcase>
        <testcase classname="src/tests/roborockCommunication/broadcast/listener/implementation/syncMessageListener.test.ts" name="SyncMessageListener &gt; should handle protocol 4 (general_request) with data in key 102 - get_room_mapping" time="0.000281666">
        </testcase>
        <testcase classname="src/tests/roborockCommunication/broadcast/listener/implementation/syncMessageListener.test.ts" name="SyncMessageListener &gt; BROKEN CODE TEST - should fail if code only checks protocol 4 key instead of 102" time="0.000727958">
        </testcase>
    </testsuite>
</testsuites>
